@00000003
0000001300000013000000130000001300000013000000130000001330C00093
00000013000000130040A3030030A2830020A2030010A1830000A10300000013
0010D1830000D103000000130000001300000013000000130000001300000013
00000013000000130000001300000013000000130040D3030030D2830020D203
0030C2830020C2030010C1830000C10300000013000000130000001300000013
000000130000001300000013000000130000001300000013000000130040C303
0000001300000013000000130000001300000013000000130480096F00000013
0000001300000013000000130000001300000013314025830000001300000013
000000130000001300000013000000131D850513000000130000001300000013
000000130000001300000013000509E700000013000000130000001300000013
0000001300000013314026030000001300000013000000130000001300000013
000000130DC0006F000000130000001300000013000000130000001300000013
0000001300000013000000130000001300000013000000130000001300000013
0000001300000013000000130000001330C00493FFF0C3130040F2B3002081B3
000000130000001300000013004080B330C023830064A0230000001300000013
0000001300000013000000130610426300000013000000130000001300000013
000000130000001300000013F80008E300000013000000130000001300000013
0000001300000013000000633140208300000013000000130000001300000013
0000001300000063310020830000001300000013000000130000001300000013
0000000000000000000000130000001300000013000000130000001300000013
0000000000000000000000000000000000000000000000000000000000000000
BADDBADD600D600DAABBCCDDFFFFFFFE0000000200000001
